09:54:43.644 [main] INFO  com.ruoyi.RuoYiApplication - Starting RuoYiApplication on ZH with PID 20600 (started by lenovo in C:\Users\lenovo\Desktop\开发的网站后台权限管理系统\3838995922584576\RuoYi)
09:54:43.683 [main] DEBUG com.ruoyi.RuoYiApplication - Running with Spring Boot v1.5.10.RELEASE, Spring v4.3.14.RELEASE
09:54:43.683 [main] INFO  com.ruoyi.RuoYiApplication - The following profiles are active: druid
09:54:44.506 [background-preinit] INFO  org.hibernate.validator.internal.util.Version - HV000001: Hibernate Validator 5.3.6.Final
09:54:48.058 [main] INFO  org.apache.shiro.cache.ehcache.EhCacheManager - Cache with name 'com.ruoyi.framework.shiro.realm.UserRealm.authorizationCache' does not yet exist.  Creating now.
09:54:48.062 [main] INFO  org.apache.shiro.cache.ehcache.EhCacheManager - Added EhCache named [com.ruoyi.framework.shiro.realm.UserRealm.authorizationCache]
09:54:49.162 [main] INFO  com.alibaba.druid.pool.DruidDataSource - {dataSource-1} inited
09:54:50.146 [main] INFO  org.apache.shiro.cache.ehcache.EhCacheManager - Using existing EHCache named [loginRecordCache]
09:54:51.799 [main] INFO  org.apache.catalina.core.StandardService - Starting service [Tomcat]
09:54:51.801 [main] INFO  org.apache.catalina.core.StandardEngine - Starting Servlet Engine: Apache Tomcat/8.5.27
09:54:51.955 [localhost-startStop-1] INFO  org.apache.catalina.core.ContainerBase.[Tomcat].[localhost].[/] - Initializing Spring embedded WebApplicationContext
09:54:52.933 [main] INFO  org.quartz.impl.StdSchedulerFactory - Using default implementation for ThreadExecutor
09:54:52.950 [main] INFO  org.quartz.core.SchedulerSignalerImpl - Initialized Scheduler Signaller of type: class org.quartz.core.SchedulerSignalerImpl
09:54:52.951 [main] INFO  org.quartz.core.QuartzScheduler - Quartz Scheduler v.2.3.0 created.
09:54:52.989 [main] INFO  org.quartz.core.QuartzScheduler - Scheduler meta-data: Quartz Scheduler (v2.3.0) 'RuoyiScheduler' with instanceId 'ZH1529459692936'
  Scheduler class: 'org.quartz.core.QuartzScheduler' - running locally.
  NOT STARTED.
  Currently in standby mode.
  Number of jobs executed: 0
  Using thread pool 'org.quartz.simpl.SimpleThreadPool' - with 20 threads.
  Using job-store 'org.springframework.scheduling.quartz.LocalDataSourceJobStore' - which supports persistence. and is clustered.

09:54:52.989 [main] INFO  org.quartz.impl.StdSchedulerFactory - Quartz scheduler 'RuoyiScheduler' initialized from an externally provided properties instance.
09:54:52.990 [main] INFO  org.quartz.impl.StdSchedulerFactory - Quartz scheduler version: 2.3.0
09:54:52.993 [main] INFO  org.quartz.core.QuartzScheduler - JobFactory set to: org.springframework.scheduling.quartz.AdaptableJobFactory@7ec95456
09:54:53.082 [main] DEBUG com.ruoyi.project.monitor.job.mapper.JobMapper.selectJobAll - ==>  Preparing: SELECT job_id, job_name, job_group, method_name, params, cron_expression, status, create_by, create_time FROM sys_job 
09:54:53.261 [main] DEBUG com.ruoyi.project.monitor.job.mapper.JobMapper.selectJobAll - ==> Parameters: 
09:54:53.297 [main] DEBUG com.ruoyi.project.monitor.job.mapper.JobMapper.selectJobAll - <==      Total: 2
09:54:55.723 [main] WARN  org.thymeleaf.templatemode.TemplateMode - [THYMELEAF][main] Template Mode 'LEGACYHTML5' is deprecated. Using Template Mode 'HTML' instead.
09:54:57.153 [main] INFO  org.apache.coyote.http11.Http11NioProtocol - Initializing ProtocolHandler ["http-nio-80"]
09:54:57.173 [main] INFO  org.apache.coyote.http11.Http11NioProtocol - Starting ProtocolHandler ["http-nio-80"]
09:54:57.190 [main] INFO  org.apache.tomcat.util.net.NioSelectorPool - Using a shared selector for servlet write/read
09:54:57.227 [main] INFO  com.ruoyi.RuoYiApplication - Started RuoYiApplication in 14.907 seconds (JVM running for 21.094)
09:54:58.184 [Quartz Scheduler [RuoyiScheduler]] INFO  org.quartz.core.QuartzScheduler - Scheduler RuoyiScheduler_$_ZH1529459692936 started.
09:55:52.332 [http-nio-80-exec-1] INFO  org.apache.catalina.core.ContainerBase.[Tomcat].[localhost].[/] - Initializing Spring FrameworkServlet 'dispatcherServlet'
09:55:52.450 [http-nio-80-exec-1] INFO  org.apache.shiro.session.mgt.AbstractValidatingSessionManager - Enabling session validation scheduler...
09:55:52.450 [http-nio-80-exec-1] DEBUG com.ruoyi.framework.shiro.web.session.SpringSessionValidationScheduler - Scheduling session validation job using Spring Scheduler with session validation interval of [600000]ms...
09:55:52.452 [http-nio-80-exec-1] DEBUG com.ruoyi.framework.shiro.web.session.SpringSessionValidationScheduler - Session validation job successfully scheduled with Spring Scheduler.
09:55:52.456 [http-nio-80-exec-1] INFO  org.apache.shiro.cache.ehcache.EhCacheManager - Using existing EHCache named [shiro-activeSessionCache]
09:55:52.463 [http-nio-80-exec-1] DEBUG com.ruoyi.project.monitor.online.mapper.UserOnlineMapper.selectOnlineById - ==>  Preparing: select * from sys_user_online where sessionid = ? 
09:55:52.465 [http-nio-80-exec-1] DEBUG com.ruoyi.project.monitor.online.mapper.UserOnlineMapper.selectOnlineById - ==> Parameters: 38facf47-cb48-47fd-bffa-17241005f9f5(String)
09:55:52.506 [http-nio-80-exec-1] DEBUG com.ruoyi.project.monitor.online.mapper.UserOnlineMapper.selectOnlineById - <==      Total: 1
09:55:52.554 [http-nio-80-exec-1] DEBUG com.ruoyi.project.monitor.online.mapper.UserOnlineMapper.selectOnlineById - ==>  Preparing: select * from sys_user_online where sessionid = ? 
09:55:52.557 [http-nio-80-exec-1] DEBUG com.ruoyi.project.monitor.online.mapper.UserOnlineMapper.selectOnlineById - ==> Parameters: 38facf47-cb48-47fd-bffa-17241005f9f5(String)
09:55:52.560 [http-nio-80-exec-1] DEBUG com.ruoyi.project.monitor.online.mapper.UserOnlineMapper.selectOnlineById - <==      Total: 1
09:55:52.562 [http-nio-80-exec-1] DEBUG com.ruoyi.project.monitor.online.mapper.UserOnlineMapper.selectOnlineById - ==>  Preparing: select * from sys_user_online where sessionid = ? 
09:55:52.562 [http-nio-80-exec-1] DEBUG com.ruoyi.project.monitor.online.mapper.UserOnlineMapper.selectOnlineById - ==> Parameters: 38facf47-cb48-47fd-bffa-17241005f9f5(String)
09:55:52.565 [http-nio-80-exec-1] DEBUG com.ruoyi.project.monitor.online.mapper.UserOnlineMapper.selectOnlineById - <==      Total: 1
09:55:52.567 [http-nio-80-exec-1] DEBUG com.ruoyi.project.monitor.online.mapper.UserOnlineMapper.selectOnlineById - ==>  Preparing: select * from sys_user_online where sessionid = ? 
09:55:52.567 [http-nio-80-exec-1] DEBUG com.ruoyi.project.monitor.online.mapper.UserOnlineMapper.selectOnlineById - ==> Parameters: 38facf47-cb48-47fd-bffa-17241005f9f5(String)
09:55:52.570 [http-nio-80-exec-1] DEBUG com.ruoyi.project.monitor.online.mapper.UserOnlineMapper.selectOnlineById - <==      Total: 1
09:55:52.572 [http-nio-80-exec-1] DEBUG com.ruoyi.project.monitor.online.mapper.UserOnlineMapper.selectOnlineById - ==>  Preparing: select * from sys_user_online where sessionid = ? 
09:55:52.573 [http-nio-80-exec-1] DEBUG com.ruoyi.project.monitor.online.mapper.UserOnlineMapper.selectOnlineById - ==> Parameters: 38facf47-cb48-47fd-bffa-17241005f9f5(String)
09:55:52.575 [http-nio-80-exec-1] DEBUG com.ruoyi.project.monitor.online.mapper.UserOnlineMapper.selectOnlineById - <==      Total: 1
09:55:52.581 [http-nio-80-exec-1] DEBUG com.ruoyi.project.monitor.online.mapper.UserOnlineMapper.selectOnlineById - ==>  Preparing: select * from sys_user_online where sessionid = ? 
09:55:52.582 [http-nio-80-exec-1] DEBUG com.ruoyi.project.monitor.online.mapper.UserOnlineMapper.selectOnlineById - ==> Parameters: 38facf47-cb48-47fd-bffa-17241005f9f5(String)
09:55:52.585 [http-nio-80-exec-1] DEBUG com.ruoyi.project.monitor.online.mapper.UserOnlineMapper.selectOnlineById - <==      Total: 1
09:55:52.587 [http-nio-80-exec-1] DEBUG com.ruoyi.project.monitor.online.mapper.UserOnlineMapper.selectOnlineById - ==>  Preparing: select * from sys_user_online where sessionid = ? 
09:55:52.588 [http-nio-80-exec-1] DEBUG com.ruoyi.project.monitor.online.mapper.UserOnlineMapper.selectOnlineById - ==> Parameters: 38facf47-cb48-47fd-bffa-17241005f9f5(String)
09:55:52.595 [http-nio-80-exec-1] DEBUG com.ruoyi.project.monitor.online.mapper.UserOnlineMapper.selectOnlineById - <==      Total: 1
09:55:52.598 [http-nio-80-exec-1] DEBUG com.ruoyi.project.monitor.online.mapper.UserOnlineMapper.selectOnlineById - ==>  Preparing: select * from sys_user_online where sessionid = ? 
09:55:52.598 [http-nio-80-exec-1] DEBUG com.ruoyi.project.monitor.online.mapper.UserOnlineMapper.selectOnlineById - ==> Parameters: 38facf47-cb48-47fd-bffa-17241005f9f5(String)
09:55:52.602 [http-nio-80-exec-1] DEBUG com.ruoyi.project.monitor.online.mapper.UserOnlineMapper.selectOnlineById - <==      Total: 1
09:55:52.604 [http-nio-80-exec-1] DEBUG com.ruoyi.project.monitor.online.mapper.UserOnlineMapper.selectOnlineById - ==>  Preparing: select * from sys_user_online where sessionid = ? 
09:55:52.605 [http-nio-80-exec-1] DEBUG com.ruoyi.project.monitor.online.mapper.UserOnlineMapper.selectOnlineById - ==> Parameters: 38facf47-cb48-47fd-bffa-17241005f9f5(String)
09:55:52.608 [http-nio-80-exec-1] DEBUG com.ruoyi.project.monitor.online.mapper.UserOnlineMapper.selectOnlineById - <==      Total: 1
09:55:52.618 [http-nio-80-exec-1] DEBUG com.ruoyi.project.monitor.online.mapper.UserOnlineMapper.selectOnlineById - ==>  Preparing: select * from sys_user_online where sessionid = ? 
09:55:52.619 [http-nio-80-exec-1] DEBUG com.ruoyi.project.monitor.online.mapper.UserOnlineMapper.selectOnlineById - ==> Parameters: 38facf47-cb48-47fd-bffa-17241005f9f5(String)
09:55:52.623 [http-nio-80-exec-1] DEBUG com.ruoyi.project.monitor.online.mapper.UserOnlineMapper.selectOnlineById - <==      Total: 1
09:55:53.452 [pool-2-thread-1] INFO  com.ruoyi.framework.shiro.web.session.OnlineWebSessionManager - invalidation sessions...
09:55:53.493 [pool-2-thread-1] DEBUG com.ruoyi.project.monitor.online.mapper.UserOnlineMapper.selectOnlineByExpired - ==>  Preparing: SELECT * FROM sys_user_online o WHERE o.last_access_time <= ? ORDER BY o.last_access_time ASC 
09:55:53.494 [pool-2-thread-1] DEBUG com.ruoyi.project.monitor.online.mapper.UserOnlineMapper.selectOnlineByExpired - ==> Parameters: 2018-06-20 09:25:53(String)
09:55:53.497 [pool-2-thread-1] DEBUG com.ruoyi.project.monitor.online.mapper.UserOnlineMapper.selectOnlineByExpired - <==      Total: 1
09:55:53.497 [pool-2-thread-1] DEBUG com.ruoyi.framework.shiro.web.session.OnlineWebSessionManager - Invalidated session with id [38facf47-cb48-47fd-bffa-17241005f9f5] (stopped)
09:55:53.498 [pool-2-thread-1] DEBUG com.ruoyi.project.monitor.online.mapper.UserOnlineMapper.selectOnlineById - ==>  Preparing: select * from sys_user_online where sessionid = ? 
09:55:53.499 [pool-2-thread-1] DEBUG com.ruoyi.project.monitor.online.mapper.UserOnlineMapper.selectOnlineById - ==> Parameters: 38facf47-cb48-47fd-bffa-17241005f9f5(String)
09:55:53.501 [pool-2-thread-1] DEBUG com.ruoyi.project.monitor.online.mapper.UserOnlineMapper.selectOnlineById - <==      Total: 1
09:55:53.503 [pool-2-thread-1] DEBUG com.ruoyi.project.monitor.online.mapper.UserOnlineMapper.deleteOnlineById - ==>  Preparing: delete from sys_user_online where sessionId = ? 
09:55:53.504 [pool-2-thread-1] DEBUG com.ruoyi.project.monitor.online.mapper.UserOnlineMapper.deleteOnlineById - ==> Parameters: 38facf47-cb48-47fd-bffa-17241005f9f5(String)
09:55:53.507 [pool-2-thread-1] DEBUG com.ruoyi.project.monitor.online.mapper.UserOnlineMapper.deleteOnlineById - <==    Updates: 1
09:55:53.508 [pool-2-thread-1] INFO  com.ruoyi.framework.shiro.web.session.OnlineWebSessionManager - Finished invalidation session. [1] sessions were stopped.
09:56:14.783 [http-nio-80-exec-1] DEBUG com.ruoyi.project.system.user.mapper.UserMapper.selectUserByLoginName - ==>  Preparing: select u.user_id, u.dept_id, u.login_name, u.user_name, u.email, u.phonenumber, u.sex, u.avatar, u.password, u.salt, u.status, u.refuse_des, u.login_ip, u.login_date, u.create_time, d.dept_id, d.parent_id, d.dept_name, d.order_num, d.status as dept_status from sys_user u left join sys_dept d on u.dept_id = d.dept_id left join sys_user_role ur on u.user_id = ur.user_id where u.login_name = ? 
09:56:14.786 [http-nio-80-exec-1] DEBUG com.ruoyi.project.system.user.mapper.UserMapper.selectUserByLoginName - ==> Parameters: admin(String)
09:56:14.835 [http-nio-80-exec-1] DEBUG com.ruoyi.project.system.user.mapper.UserMapper.selectUserByLoginName - <==      Total: 1
09:56:14.863 [http-nio-80-exec-1] INFO  sys-user - [0:0:0:0:0:0:0:1][admin][Success][登录成功]
09:56:14.885 [http-nio-80-exec-1] DEBUG com.ruoyi.project.monitor.logininfor.mapper.LogininforMapper.insertLogininfor - ==>  Preparing: insert into sys_logininfor (login_name, status, ipaddr, browser, os, msg, login_time) values (?, ?, ?, ?, ?, ?, sysdate()) 
09:56:14.889 [http-nio-80-exec-1] DEBUG com.ruoyi.project.monitor.logininfor.mapper.LogininforMapper.insertLogininfor - ==> Parameters: admin(String), 0(String), 0:0:0:0:0:0:0:1(String), Chrome(String), Windows 10(String), 登录成功(String)
09:56:14.910 [http-nio-80-exec-1] DEBUG com.ruoyi.project.monitor.logininfor.mapper.LogininforMapper.insertLogininfor - <==    Updates: 1
09:56:14.959 [http-nio-80-exec-1] DEBUG com.ruoyi.project.system.user.mapper.UserMapper.updateUser - ==>  Preparing: update sys_user SET dept_id = ?, login_name = ?, user_name = ?, email = ?, phonenumber = ?, sex = ?, password = ?, salt = ?, status = ?, refuse_des = ?, login_ip = ?, login_date = ?, update_time = sysdate() where 1=1 and user_id = ? 
09:56:14.962 [http-nio-80-exec-1] DEBUG com.ruoyi.project.system.user.mapper.UserMapper.updateUser - ==> Parameters: 106(Long), admin(String), 启明星(String), qstar@163.com(String), 15888888888(String), 1(String), 29c67a30398638269fe600f73a054934(String), 111111(String), 0(Integer), 正常(String), 0:0:0:0:0:0:0:1(String), 2018-06-20 09:56:14.911(Timestamp), 1(Long)
09:56:14.965 [http-nio-80-exec-1] DEBUG com.ruoyi.project.system.user.mapper.UserMapper.updateUser - <==    Updates: 1
09:56:15.120 [http-nio-80-exec-4] DEBUG com.ruoyi.project.system.menu.mapper.MenuMapper.selectMenusByUserId - ==>  Preparing: select distinct m.menu_id, m.parent_id, m.menu_name, m.url, m.perms , m.menu_type, m.icon, m.order_num, m.create_time from sys_menu m left join sys_role_menu rm on m.menu_id = rm.menu_id left join sys_user_role ur on rm.role_id = ur.role_id where ur.user_id = ? and m.menu_type in ('M', 'C') and m.visible = 0 order by m.order_num 
09:56:15.123 [http-nio-80-exec-4] DEBUG com.ruoyi.project.system.menu.mapper.MenuMapper.selectMenusByUserId - ==> Parameters: 1(Long)
09:56:15.161 [http-nio-80-exec-4] DEBUG com.ruoyi.project.system.menu.mapper.MenuMapper.selectMenusByUserId - <==      Total: 21
09:56:15.190 [http-nio-80-exec-4] DEBUG com.ruoyi.project.system.config.mapper.ConfigMapper.selectConfigByKey - ==>  Preparing: select config_id, config_name, config_key, config_value, config_type, create_by, create_time, update_by, update_time, remark from sys_config where config_key = ? 
09:56:15.192 [http-nio-80-exec-4] DEBUG com.ruoyi.project.system.config.mapper.ConfigMapper.selectConfigByKey - ==> Parameters: sys.index.skinName(String)
09:56:15.232 [http-nio-80-exec-4] DEBUG com.ruoyi.project.system.config.mapper.ConfigMapper.selectConfigByKey - <==      Total: 1
09:56:15.316 [http-nio-80-exec-6] DEBUG com.ruoyi.project.monitor.online.mapper.UserOnlineMapper.saveOnline - ==>  Preparing: replace into sys_user_online(sessionId, login_name, dept_name, ipaddr, browser, os, status, start_timestsamp, last_access_time, expire_time) values (?, ?, ?, ?, ?, ?, ?, ?, ?, ?) 
09:56:15.434 [http-nio-80-exec-6] DEBUG com.ruoyi.project.monitor.online.mapper.UserOnlineMapper.saveOnline - ==> Parameters: 38facf47-cb48-47fd-bffa-17241005f9f5(String), admin(String), 销售一部(String), 0:0:0:0:0:0:0:1(String), Chrome(String), Windows 10(String), on_line(String), 2018-06-20 09:55:52.623(Timestamp), 2018-06-20 09:56:15.315(Timestamp), 1800000(Long)
09:56:15.438 [http-nio-80-exec-6] DEBUG com.ruoyi.project.monitor.online.mapper.UserOnlineMapper.saveOnline - <==    Updates: 1
09:56:18.299 [http-nio-80-exec-9] DEBUG com.ruoyi.project.system.role.mapper.RoleMapper.selectRolesByUserId - ==>  Preparing: SELECT r.role_id, r.role_name, r.role_key FROM sys_user u LEFT JOIN sys_user_role ur ON u.user_id = ur.user_id LEFT JOIN sys_role r ON ur.role_id = r.role_id WHERE ur.user_id = ? 
09:56:18.302 [http-nio-80-exec-9] DEBUG com.ruoyi.project.system.role.mapper.RoleMapper.selectRolesByUserId - ==> Parameters: 1(Long)
09:56:18.326 [http-nio-80-exec-9] DEBUG com.ruoyi.project.system.role.mapper.RoleMapper.selectRolesByUserId - <==      Total: 1
09:56:18.328 [http-nio-80-exec-9] DEBUG com.ruoyi.project.system.menu.mapper.MenuMapper.selectPermsByUserId - ==>  Preparing: select distinct m.perms from sys_menu m left join sys_role_menu rm on m.menu_id = rm.menu_id left join sys_user_role ur on rm.role_id = ur.role_id where ur.user_id = ? 
09:56:18.330 [http-nio-80-exec-9] DEBUG com.ruoyi.project.system.menu.mapper.MenuMapper.selectPermsByUserId - ==> Parameters: 1(Long)
09:56:18.338 [http-nio-80-exec-9] DEBUG com.ruoyi.project.system.menu.mapper.MenuMapper.selectPermsByUserId - <==      Total: 91
09:56:19.146 [http-nio-80-exec-9] DEBUG com.ruoyi.project.user.contract.mapper.ContractMapper.selectContractList_COUNT - ==>  Preparing: SELECT count(0) FROM sys_contract 
09:56:19.148 [http-nio-80-exec-9] DEBUG com.ruoyi.project.user.contract.mapper.ContractMapper.selectContractList_COUNT - ==> Parameters: 
09:56:19.159 [http-nio-80-exec-9] DEBUG com.ruoyi.project.user.contract.mapper.ContractMapper.selectContractList_COUNT - <==      Total: 1
09:56:19.162 [http-nio-80-exec-9] DEBUG com.ruoyi.project.user.contract.mapper.ContractMapper.selectContractList - ==>  Preparing: SELECT contract_id, contract_client, contract_topic, contract_owner FROM sys_contract order by contract_id asc LIMIT ? 
09:56:19.163 [http-nio-80-exec-9] DEBUG com.ruoyi.project.user.contract.mapper.ContractMapper.selectContractList - ==> Parameters: 10(Integer)
09:56:19.165 [http-nio-80-exec-9] DEBUG com.ruoyi.project.user.contract.mapper.ContractMapper.selectContractList - <==      Total: 4
10:05:53.452 [pool-2-thread-1] INFO  com.ruoyi.framework.shiro.web.session.OnlineWebSessionManager - invalidation sessions...
10:05:53.453 [pool-2-thread-1] DEBUG com.ruoyi.project.monitor.online.mapper.UserOnlineMapper.selectOnlineByExpired - ==>  Preparing: SELECT * FROM sys_user_online o WHERE o.last_access_time <= ? ORDER BY o.last_access_time ASC 
10:05:53.453 [pool-2-thread-1] DEBUG com.ruoyi.project.monitor.online.mapper.UserOnlineMapper.selectOnlineByExpired - ==> Parameters: 2018-06-20 09:35:53(String)
10:05:53.455 [pool-2-thread-1] DEBUG com.ruoyi.project.monitor.online.mapper.UserOnlineMapper.selectOnlineByExpired - <==      Total: 0
10:05:53.455 [pool-2-thread-1] INFO  com.ruoyi.framework.shiro.web.session.OnlineWebSessionManager - Finished invalidation session. No sessions were stopped.
10:15:53.452 [pool-2-thread-1] INFO  com.ruoyi.framework.shiro.web.session.OnlineWebSessionManager - invalidation sessions...
10:15:53.453 [pool-2-thread-1] DEBUG com.ruoyi.project.monitor.online.mapper.UserOnlineMapper.selectOnlineByExpired - ==>  Preparing: SELECT * FROM sys_user_online o WHERE o.last_access_time <= ? ORDER BY o.last_access_time ASC 
10:15:53.453 [pool-2-thread-1] DEBUG com.ruoyi.project.monitor.online.mapper.UserOnlineMapper.selectOnlineByExpired - ==> Parameters: 2018-06-20 09:45:53(String)
10:15:53.455 [pool-2-thread-1] DEBUG com.ruoyi.project.monitor.online.mapper.UserOnlineMapper.selectOnlineByExpired - <==      Total: 0
10:15:53.456 [pool-2-thread-1] INFO  com.ruoyi.framework.shiro.web.session.OnlineWebSessionManager - Finished invalidation session. No sessions were stopped.
10:25:53.452 [pool-2-thread-1] INFO  com.ruoyi.framework.shiro.web.session.OnlineWebSessionManager - invalidation sessions...
10:25:53.454 [pool-2-thread-1] DEBUG com.ruoyi.project.monitor.online.mapper.UserOnlineMapper.selectOnlineByExpired - ==>  Preparing: SELECT * FROM sys_user_online o WHERE o.last_access_time <= ? ORDER BY o.last_access_time ASC 
10:25:53.455 [pool-2-thread-1] DEBUG com.ruoyi.project.monitor.online.mapper.UserOnlineMapper.selectOnlineByExpired - ==> Parameters: 2018-06-20 09:55:53(String)
10:25:53.545 [pool-2-thread-1] DEBUG com.ruoyi.project.monitor.online.mapper.UserOnlineMapper.selectOnlineByExpired - <==      Total: 0
10:25:53.546 [pool-2-thread-1] INFO  com.ruoyi.framework.shiro.web.session.OnlineWebSessionManager - Finished invalidation session. No sessions were stopped.
10:35:53.454 [pool-2-thread-1] INFO  com.ruoyi.framework.shiro.web.session.OnlineWebSessionManager - invalidation sessions...
10:35:53.457 [pool-2-thread-1] DEBUG com.ruoyi.project.monitor.online.mapper.UserOnlineMapper.selectOnlineByExpired - ==>  Preparing: SELECT * FROM sys_user_online o WHERE o.last_access_time <= ? ORDER BY o.last_access_time ASC 
10:35:53.457 [pool-2-thread-1] DEBUG com.ruoyi.project.monitor.online.mapper.UserOnlineMapper.selectOnlineByExpired - ==> Parameters: 2018-06-20 10:05:53(String)
10:35:53.470 [pool-2-thread-1] DEBUG com.ruoyi.project.monitor.online.mapper.UserOnlineMapper.selectOnlineByExpired - <==      Total: 1
10:35:53.472 [pool-2-thread-1] DEBUG com.ruoyi.framework.shiro.web.session.OnlineWebSessionManager - Invalidated session with id [38facf47-cb48-47fd-bffa-17241005f9f5] (stopped)
10:35:53.475 [pool-2-thread-1] DEBUG com.ruoyi.project.monitor.online.mapper.UserOnlineMapper.selectOnlineById - ==>  Preparing: select * from sys_user_online where sessionid = ? 
10:35:53.479 [pool-2-thread-1] DEBUG com.ruoyi.project.monitor.online.mapper.UserOnlineMapper.selectOnlineById - ==> Parameters: 38facf47-cb48-47fd-bffa-17241005f9f5(String)
10:35:53.483 [pool-2-thread-1] DEBUG com.ruoyi.project.monitor.online.mapper.UserOnlineMapper.selectOnlineById - <==      Total: 1
10:35:53.488 [pool-2-thread-1] DEBUG com.ruoyi.project.monitor.online.mapper.UserOnlineMapper.deleteOnlineById - ==>  Preparing: delete from sys_user_online where sessionId = ? 
10:35:53.489 [pool-2-thread-1] DEBUG com.ruoyi.project.monitor.online.mapper.UserOnlineMapper.deleteOnlineById - ==> Parameters: 38facf47-cb48-47fd-bffa-17241005f9f5(String)
10:35:53.496 [pool-2-thread-1] DEBUG com.ruoyi.project.monitor.online.mapper.UserOnlineMapper.deleteOnlineById - <==    Updates: 1
10:35:53.496 [pool-2-thread-1] INFO  com.ruoyi.framework.shiro.web.session.OnlineWebSessionManager - Finished invalidation session. [1] sessions were stopped.
10:45:53.452 [pool-2-thread-1] INFO  com.ruoyi.framework.shiro.web.session.OnlineWebSessionManager - invalidation sessions...
10:45:53.455 [pool-2-thread-1] DEBUG com.ruoyi.project.monitor.online.mapper.UserOnlineMapper.selectOnlineByExpired - ==>  Preparing: SELECT * FROM sys_user_online o WHERE o.last_access_time <= ? ORDER BY o.last_access_time ASC 
10:45:53.456 [pool-2-thread-1] DEBUG com.ruoyi.project.monitor.online.mapper.UserOnlineMapper.selectOnlineByExpired - ==> Parameters: 2018-06-20 10:15:53(String)
10:45:53.457 [pool-2-thread-1] DEBUG com.ruoyi.project.monitor.online.mapper.UserOnlineMapper.selectOnlineByExpired - <==      Total: 0
10:45:53.458 [pool-2-thread-1] INFO  com.ruoyi.framework.shiro.web.session.OnlineWebSessionManager - Finished invalidation session. No sessions were stopped.
