09:01:29.083 [http-nio-80-exec-5] INFO  sys-user - [0:0:0:0:0:0:0:1][admin][Success][登录成功]
09:22:30.539 [http-nio-80-exec-9] INFO  sys-user - [0:0:0:0:0:0:0:1][admin][Logout][退出成功]
09:30:22.310 [http-nio-80-exec-1] INFO  sys-user - [0:0:0:0:0:0:0:1][admin][Error][验证码错误]
09:30:26.332 [http-nio-80-exec-3] INFO  sys-user - [0:0:0:0:0:0:0:1][admin][Success][登录成功]
09:35:34.808 [http-nio-80-exec-4] INFO  sys-user - [0:0:0:0:0:0:0:1][admin][Success][登录成功]
09:37:53.564 [http-nio-80-exec-4] INFO  sys-user - [0:0:0:0:0:0:0:1][admin][Success][登录成功]
09:55:13.645 [http-nio-80-exec-6] INFO  sys-user - [0:0:0:0:0:0:0:1][admin][Logout][退出成功]
09:55:16.552 [http-nio-80-exec-10] INFO  sys-user - [0:0:0:0:0:0:0:1][admin][Success][登录成功]
09:58:42.238 [http-nio-80-exec-4] INFO  sys-user - [0:0:0:0:0:0:0:1][admin][Success][登录成功]
14:16:28.376 [http-nio-80-exec-6] INFO  sys-user - [0:0:0:0:0:0:0:1][admin][Success][登录成功]
14:36:41.456 [http-nio-80-exec-3] INFO  sys-user - [0:0:0:0:0:0:0:1][admin][Logout][退出成功]
14:36:44.107 [http-nio-80-exec-6] INFO  sys-user - [0:0:0:0:0:0:0:1][admin][Success][登录成功]
14:49:22.574 [http-nio-80-exec-5] INFO  sys-user - [0:0:0:0:0:0:0:1][admin][Success][登录成功]
14:56:48.456 [http-nio-80-exec-4] INFO  sys-user - [0:0:0:0:0:0:0:1][admin][Success][登录成功]
15:01:39.669 [http-nio-80-exec-4] INFO  sys-user - [0:0:0:0:0:0:0:1][admin][Success][登录成功]
15:03:42.817 [http-nio-80-exec-4] INFO  sys-user - [0:0:0:0:0:0:0:1][admin][Success][登录成功]
15:30:35.242 [http-nio-80-exec-4] INFO  sys-user - [0:0:0:0:0:0:0:1][admin][Success][登录成功]
15:36:20.279 [http-nio-80-exec-4] INFO  sys-user - [0:0:0:0:0:0:0:1][admin][Success][登录成功]
15:36:20.532 [http-nio-80-exec-6] INFO  sys-user - [0:0:0:0:0:0:0:1][admin][Success][登录成功]
15:49:02.124 [http-nio-80-exec-4] INFO  sys-user - [0:0:0:0:0:0:0:1][admin][Success][登录成功]
16:07:35.867 [http-nio-80-exec-4] INFO  sys-user - [0:0:0:0:0:0:0:1][admin][Success][登录成功]
16:16:35.734 [http-nio-80-exec-6] INFO  sys-user - [0:0:0:0:0:0:0:1][admin][Error][验证码错误]
16:16:39.683 [http-nio-80-exec-8] INFO  sys-user - [0:0:0:0:0:0:0:1][admin][Success][登录成功]
16:23:38.833 [http-nio-80-exec-4] INFO  sys-user - [0:0:0:0:0:0:0:1][admin][Success][登录成功]
16:27:40.787 [http-nio-80-exec-5] INFO  sys-user - [0:0:0:0:0:0:0:1][admin][Success][登录成功]
16:34:36.204 [http-nio-80-exec-4] INFO  sys-user - [0:0:0:0:0:0:0:1][admin][Success][登录成功]
16:37:27.625 [http-nio-80-exec-4] INFO  sys-user - [0:0:0:0:0:0:0:1][admin][Success][登录成功]
16:42:06.912 [http-nio-80-exec-4] INFO  sys-user - [0:0:0:0:0:0:0:1][admin][Success][登录成功]
16:47:03.776 [http-nio-80-exec-1] INFO  sys-user - [0:0:0:0:0:0:0:1][admin][Success][登录成功]
17:17:36.392 [http-nio-80-exec-4] INFO  sys-user - [0:0:0:0:0:0:0:1][admin][Success][登录成功]
19:38:10.230 [http-nio-80-exec-5] INFO  sys-user - [0:0:0:0:0:0:0:1][admin][Success][登录成功]
19:40:15.573 [http-nio-80-exec-4] INFO  sys-user - [0:0:0:0:0:0:0:1][admin][Success][登录成功]
19:48:21.318 [http-nio-80-exec-2] INFO  sys-user - [0:0:0:0:0:0:0:1][admin][Success][登录成功]
19:48:40.229 [http-nio-80-exec-1] INFO  sys-user - [0:0:0:0:0:0:0:1][admin][Logout][退出成功]
19:48:55.413 [http-nio-80-exec-2] INFO  sys-user - [0:0:0:0:0:0:0:1][zh][Error][用户不存在/密码错误]
19:49:09.118 [http-nio-80-exec-8] INFO  sys-user - [0:0:0:0:0:0:0:1][admin][Error][密码输入错误1次，123456]
19:49:17.907 [http-nio-80-exec-7] INFO  sys-user - [0:0:0:0:0:0:0:1][admin][Error][密码输入错误2次，123456]
19:49:24.639 [http-nio-80-exec-4] INFO  sys-user - [0:0:0:0:0:0:0:1][admin][Success][登录成功]
19:49:42.459 [http-nio-80-exec-5] INFO  sys-user - [0:0:0:0:0:0:0:1][admin][Logout][退出成功]
19:49:50.968 [http-nio-80-exec-10] INFO  sys-user - [0:0:0:0:0:0:0:1][1601210131][Error][密码输入错误1次，123456]
19:49:58.826 [http-nio-80-exec-1] INFO  sys-user - [0:0:0:0:0:0:0:1][1601210131][Error][用户不存在/密码错误]
19:51:38.263 [http-nio-80-exec-8] INFO  sys-user - [0:0:0:0:0:0:0:1][1601210131][Error][密码输入错误2次，12345678]
19:51:41.852 [http-nio-80-exec-9] INFO  sys-user - [0:0:0:0:0:0:0:1][1601210131][Error][密码输入错误3次，12345678]
19:52:03.351 [http-nio-80-exec-3] INFO  sys-user - [0:0:0:0:0:0:0:1][1601210131][Error][密码输入错误4次，12345678]
19:55:35.605 [http-nio-80-exec-7] INFO  sys-user - [0:0:0:0:0:0:0:1][admin][Success][登录成功]
19:56:11.887 [http-nio-80-exec-10] INFO  sys-user - [0:0:0:0:0:0:0:1][admin][Logout][退出成功]
19:56:21.257 [http-nio-80-exec-4] INFO  sys-user - [0:0:0:0:0:0:0:1][1601210131][Error][密码输入错误5次，123456]
19:56:27.556 [http-nio-80-exec-2] INFO  sys-user - [0:0:0:0:0:0:0:1][1601210131][Error][密码输入错误5次，帐户锁定10分钟]
19:56:49.548 [http-nio-80-exec-6] INFO  sys-user - [0:0:0:0:0:0:0:1][admin][Success][登录成功]
19:59:14.130 [http-nio-80-exec-6] INFO  sys-user - [0:0:0:0:0:0:0:1][admin][Logout][退出成功]
19:59:26.524 [http-nio-80-exec-3] INFO  sys-user - [0:0:0:0:0:0:0:1][zh][Success][登录成功]
